# JRE version: Java(TM) SE Runtime Environment (8.0_121-b13) (build 1.8.0_121-b13)
# Java VM: Java HotSpot(TM) 64-Bit Server VM (25.121-b13 mixed mode windows-amd64 compressed oops)
Heap:
 PSYoungGen      total 74240K, used 61439K [0x00000000fab00000, 0x0000000100000000, 0x0000000100000000)
  eden space 61440K, 99% used [0x00000000fab00000,0x00000000fe6fff70,0x00000000fe700000)
  from space 12800K, 0% used [0x00000000fe700000,0x00000000fe700000,0x00000000ff380000)
  to   space 12800K, 0% used [0x00000000ff380000,0x00000000ff380000,0x0000000100000000)
 ParOldGen       total 175104K, used 174915K [0x00000000f0000000, 0x00000000fab00000, 0x00000000fab00000)
  object space 175104K, 99% used [0x00000000f0000000,0x00000000faad0ff0,0x00000000fab00000)
 Metaspace       used 152731K, capacity 164394K, committed 164864K, reserved 1191936K
  class space    used 17819K, capacity 21343K, committed 21504K, reserved 1048576K
GC Heap History (10 events):
Event: 315.751 GC heap before
{Heap before GC invocations=201 (full 128):
 PSYoungGen      total 74240K, used 61440K [0x00000000fab00000, 0x0000000100000000, 0x0000000100000000)
  eden space 61440K, 100% used [0x00000000fab00000,0x00000000fe700000,0x00000000fe700000)
  from space 12800K, 0% used [0x00000000fe700000,0x00000000fe700000,0x00000000ff380000)
  to   space 12800K, 0% used [0x00000000ff380000,0x00000000ff380000,0x0000000100000000)
 ParOldGen       total 175104K, used 174918K [0x00000000f0000000, 0x00000000fab00000, 0x00000000fab00000)
  object space 175104K, 99% used [0x00000000f0000000,0x00000000faad18b0,0x00000000fab00000)
 Metaspace       used 152495K, capacity 164202K, committed 164608K, reserved 1191936K
  class space    used 17790K, capacity 21343K, committed 21504K, reserved 1048576K
Event: 317.890 GC heap after
Heap after GC invocations=201 (full 128):
 PSYoungGen      total 74240K, used 60262K [0x00000000fab00000, 0x0000000100000000, 0x0000000100000000)
  eden space 61440K, 98% used [0x00000000fab00000,0x00000000fe5d9850,0x00000000fe700000)
  from space 12800K, 0% used [0x00000000fe700000,0x00000000fe700000,0x00000000ff380000)
  to   space 12800K, 0% used [0x00000000ff380000,0x00000000ff380000,0x0000000100000000)
 ParOldGen       total 175104K, used 174917K [0x00000000f0000000, 0x00000000fab00000, 0x00000000fab00000)
  object space 175104K, 99% used [0x00000000f0000000,0x00000000faad1678,0x00000000fab00000)
 Metaspace       used 152495K, capacity 164202K, committed 164608K, reserved 1191936K
  class space    used 17790K, capacity 21343K, committed 21504K, reserved 1048576K
}
Event: 317.902 GC heap before
{Heap before GC invocations=202 (full 129):
 PSYoungGen      total 74240K, used 61440K [0x00000000fab00000, 0x0000000100000000, 0x0000000100000000)
  eden space 61440K, 100% used [0x00000000fab00000,0x00000000fe700000,0x00000000fe700000)
  from space 12800K, 0% used [0x00000000fe700000,0x00000000fe700000,0x00000000ff380000)
  to   space 12800K, 0% used [0x00000000ff380000,0x00000000ff380000,0x0000000100000000)
 ParOldGen       total 175104K, used 174917K [0x00000000f0000000, 0x00000000fab00000, 0x00000000fab00000)
  object space 175104K, 99% used [0x00000000f0000000,0x00000000faad1678,0x00000000fab00000)
 Metaspace       used 152507K, capacity 164266K, committed 164608K, reserved 1191936K
  class space    used 17794K, capacity 21343K, committed 21504K, reserved 1048576K
Event: 319.531 GC heap after
Heap after GC invocations=202 (full 129):
 PSYoungGen      total 74240K, used 60340K [0x00000000fab00000, 0x0000000100000000, 0x0000000100000000)
  eden space 61440K, 98% used [0x00000000fab00000,0x00000000fe5ed2e8,0x00000000fe700000)
  from space 12800K, 0% used [0x00000000fe700000,0x00000000fe700000,0x00000000ff380000)
  to   space 12800K, 0% used [0x00000000ff380000,0x00000000ff380000,0x0000000100000000)
 ParOldGen       total 175104K, used 174917K [0x00000000f0000000, 0x00000000fab00000, 0x00000000fab00000)
  object space 175104K, 99% used [0x00000000f0000000,0x00000000faad1650,0x00000000fab00000)
 Metaspace       used 152507K, capacity 164266K, committed 164608K, reserved 1191936K
  class space    used 17794K, capacity 21343K, committed 21504K, reserved 1048576K
}
Event: 319.538 GC heap before
{Heap before GC invocations=203 (full 130):
 PSYoungGen      total 74240K, used 61440K [0x00000000fab00000, 0x0000000100000000, 0x0000000100000000)
  eden space 61440K, 100% used [0x00000000fab00000,0x00000000fe700000,0x00000000fe700000)
  from space 12800K, 0% used [0x00000000fe700000,0x00000000fe700000,0x00000000ff380000)
  to   space 12800K, 0% used [0x00000000ff380000,0x00000000ff380000,0x0000000100000000)
 ParOldGen       total 175104K, used 174917K [0x00000000f0000000, 0x00000000fab00000, 0x00000000fab00000)
  object space 175104K, 99% used [0x00000000f0000000,0x00000000faad1650,0x00000000fab00000)
 Metaspace       used 152509K, capacity 164266K, committed 164608K, reserved 1191936K
  class space    used 17794K, capacity 21343K, committed 21504K, reserved 1048576K
Event: 320.542 GC heap after
Heap after GC invocations=203 (full 130):
 PSYoungGen      total 74240K, used 60464K [0x00000000fab00000, 0x0000000100000000, 0x0000000100000000)
  eden space 61440K, 98% used [0x00000000fab00000,0x00000000fe60c2d8,0x00000000fe700000)
  from space 12800K, 0% used [0x00000000fe700000,0x00000000fe700000,0x00000000ff380000)
  to   space 12800K, 0% used [0x00000000ff380000,0x00000000ff380000,0x0000000100000000)
 ParOldGen       total 175104K, used 174916K [0x00000000f0000000, 0x00000000fab00000, 0x00000000fab00000)
  object space 175104K, 99% used [0x00000000f0000000,0x00000000faad11f0,0x00000000fab00000)
 Metaspace       used 152509K, capacity 164266K, committed 164608K, reserved 1191936K
  class space    used 17794K, capacity 21343K, committed 21504K, reserved 1048576K
}
Event: 320.580 GC heap before
{Heap before GC invocations=204 (full 131):
 PSYoungGen      total 74240K, used 61440K [0x00000000fab00000, 0x0000000100000000, 0x0000000100000000)
  eden space 61440K, 100% used [0x00000000fab00000,0x00000000fe700000,0x00000000fe700000)
  from space 12800K, 0% used [0x00000000fe700000,0x00000000fe700000,0x00000000ff380000)
  to   space 12800K, 0% used [0x00000000ff380000,0x00000000ff380000,0x0000000100000000)
 ParOldGen       total 175104K, used 174916K [0x00000000f0000000, 0x00000000fab00000, 0x00000000fab00000)
  object space 175104K, 99% used [0x00000000f0000000,0x00000000faad11f0,0x00000000fab00000)
 Metaspace       used 152612K, capacity 164330K, committed 164864K, reserved 1191936K
  class space    used 17801K, capacity 21343K, committed 21504K, reserved 1048576K
Event: 322.495 GC heap after
Heap after GC invocations=204 (full 131):
 PSYoungGen      total 74240K, used 60422K [0x00000000fab00000, 0x0000000100000000, 0x0000000100000000)
  eden space 61440K, 98% used [0x00000000fab00000,0x00000000fe601888,0x00000000fe700000)
  from space 12800K, 0% used [0x00000000fe700000,0x00000000fe700000,0x00000000ff380000)
  to   space 12800K, 0% used [0x00000000ff380000,0x00000000ff380000,0x0000000100000000)
 ParOldGen       total 175104K, used 174916K [0x00000000f0000000, 0x00000000fab00000, 0x00000000fab00000)
  object space 175104K, 99% used [0x00000000f0000000,0x00000000faad11c8,0x00000000fab00000)
 Metaspace       used 152612K, capacity 164330K, committed 164864K, reserved 1191936K
  class space    used 17801K, capacity 21343K, committed 21504K, reserved 1048576K
}
Event: 322.526 GC heap before
{Heap before GC invocations=205 (full 132):
 PSYoungGen      total 74240K, used 61430K [0x00000000fab00000, 0x0000000100000000, 0x0000000100000000)
  eden space 61440K, 99% used [0x00000000fab00000,0x00000000fe6fd968,0x00000000fe700000)
  from space 12800K, 0% used [0x00000000fe700000,0x00000000fe700000,0x00000000ff380000)
  to   space 12800K, 0% used [0x00000000ff380000,0x00000000ff380000,0x0000000100000000)
 ParOldGen       total 175104K, used 174916K [0x00000000f0000000, 0x00000000fab00000, 0x00000000fab00000)
  object space 175104K, 99% used [0x00000000f0000000,0x00000000faad11c8,0x00000000fab00000)
 Metaspace       used 152685K, capacity 164330K, committed 164864K, reserved 1191936K
  class space    used 17815K, capacity 21343K, committed 21504K, reserved 1048576K
Event: 324.476 GC heap after
Heap after GC invocations=205 (full 132):
 PSYoungGen      total 74240K, used 60234K [0x00000000fab00000, 0x0000000100000000, 0x0000000100000000)
  eden space 61440K, 98% used [0x00000000fab00000,0x00000000fe5d28b8,0x00000000fe700000)
  from space 12800K, 0% used [0x00000000fe700000,0x00000000fe700000,0x00000000ff380000)
  to   space 12800K, 0% used [0x00000000ff380000,0x00000000ff380000,0x0000000100000000)
 ParOldGen       total 175104K, used 174915K [0x00000000f0000000, 0x00000000fab00000, 0x00000000fab00000)
  object space 175104K, 99% used [0x00000000f0000000,0x00000000faad0ff0,0x00000000fab00000)
 Metaspace       used 152685K, capacity 164330K, committed 164864K, reserved 1191936K
  class space    used 17815K, capacity 21343K, committed 21504K, reserved 1048576K
}

